<?xml version="1.0" encoding="UTF-8"?>
<testng-results ignored="0" total="2" passed="2" failed="0" skipped="0">
  <reporter-output>
  </reporter-output>
  <suite started-at="2019-11-25T21:18:50 EST" name="Default suite" finished-at="2019-11-25T21:18:57 EST" duration-ms="7207">
    <groups>
    </groups>
    <test started-at="2019-11-25T21:18:50 EST" name="Default test" finished-at="2019-11-25T21:18:57 EST" duration-ms="7207">
      <class name="test.CreateAccount">
        <test-method is-config="true" signature="setUp(java.lang.String, java.lang.String, java.lang.String)[pri:0, instance:test.CreateAccount@6ff29830]" started-at="2019-11-25T21:18:50 EST" name="setUp" finished-at="2019-11-25T21:18:53 EST" duration-ms="3820" status="PASS">
          <params>
            <param index="0">
              <value>
                <![CDATA[http://5elementslearning.com/demosite]]>
              </value>
            </param>
            <param index="1">
              <value>
                <![CDATA[webdriver.chrome.driver]]>
              </value>
            </param>
            <param index="2">
              <value>
                <![CDATA[drivers/chromedriver78]]>
              </value>
            </param>
          </params>
          <reporter-output>
          </reporter-output>
        </test-method> <!-- setUp -->
        <test-method signature="registrationFormSubmission()[pri:0, instance:test.CreateAccount@6ff29830]" started-at="2019-11-25T21:18:53 EST" name="registrationFormSubmission" finished-at="2019-11-25T21:18:57 EST" duration-ms="3183" status="PASS">
          <reporter-output>
          </reporter-output>
        </test-method> <!-- registrationFormSubmission -->
        <test-method signature="registrationFormUI()[pri:0, instance:test.CreateAccount@6ff29830]" started-at="2019-11-25T21:18:57 EST" name="registrationFormUI" finished-at="2019-11-25T21:18:57 EST" duration-ms="44" status="PASS">
          <reporter-output>
          </reporter-output>
        </test-method> <!-- registrationFormUI -->
        <test-method is-config="true" signature="tearDown()[pri:0, instance:test.CreateAccount@6ff29830]" started-at="2019-11-25T21:18:57 EST" name="tearDown" finished-at="2019-11-25T21:18:57 EST" duration-ms="107" status="PASS">
          <reporter-output>
          </reporter-output>
        </test-method> <!-- tearDown -->
      </class> <!-- test.CreateAccount -->
    </test> <!-- Default test -->
  </suite> <!-- Default suite -->
</testng-results>
