<?xml version="1.0" encoding="UTF-8"?>
<testng-results ignored="0" total="1" passed="1" failed="0" skipped="0">
  <reporter-output>
  </reporter-output>
  <suite started-at="2019-11-18T20:12:26 EST" name="Default suite" finished-at="2019-11-18T20:12:30 EST" duration-ms="3779">
    <groups>
    </groups>
    <test started-at="2019-11-18T20:12:26 EST" name="Default test" finished-at="2019-11-18T20:12:30 EST" duration-ms="3779">
      <class name="firsttestngpackage.firstTestNGClass">
        <test-method is-config="true" signature="beforeTest()[pri:0, instance:firsttestngpackage.firstTestNGClass@13b6aecc]" started-at="2019-11-18T20:12:26 EST" name="beforeTest" finished-at="2019-11-18T20:12:29 EST" duration-ms="3612" status="PASS">
          <reporter-output>
          </reporter-output>
        </test-method> <!-- beforeTest -->
        <test-method signature="verifyHomepageTitle()[pri:0, instance:firsttestngpackage.firstTestNGClass@13b6aecc]" started-at="2019-11-18T20:12:29 EST" name="verifyHomepageTitle" finished-at="2019-11-18T20:12:29 EST" duration-ms="17" status="PASS">
          <reporter-output>
          </reporter-output>
        </test-method> <!-- verifyHomepageTitle -->
        <test-method is-config="true" signature="afterTest()[pri:0, instance:firsttestngpackage.firstTestNGClass@13b6aecc]" started-at="2019-11-18T20:12:29 EST" name="afterTest" finished-at="2019-11-18T20:12:30 EST" duration-ms="113" status="PASS">
          <reporter-output>
          </reporter-output>
        </test-method> <!-- afterTest -->
      </class> <!-- firsttestngpackage.firstTestNGClass -->
    </test> <!-- Default test -->
  </suite> <!-- Default suite -->
</testng-results>
